0 info it worked if it ends with ok
1 verbose cli [ 'D:\\tan\\ArepApp\\node.exe',
1 verbose cli   'D:\\tan\\ArepApp\\node_modules\\npm\\bin\\npm-cli.js',
1 verbose cli   'install',
1 verbose cli   '-g',
1 verbose cli   'http-server' ]
2 info using npm@3.5.3
3 info using node@v5.3.0
4 silly loadCurrentTree Starting
5 silly install loadCurrentTree
6 silly install readGlobalPackageData
7 silly fetchPackageMetaData http-server
8 silly fetchOtherPackageData http-server
9 silly cache add args [ 'http-server', null ]
10 verbose cache add spec http-server
11 silly cache add parsed spec Result {
11 silly cache add   raw: 'http-server',
11 silly cache add   scope: null,
11 silly cache add   name: null,
11 silly cache add   rawSpec: 'http-server',
11 silly cache add   spec: 'D:\\tan\\ArepApp\\http-server',
11 silly cache add   type: 'local' }
12 silly addLocalTarball shasum (computed) 8a53c99531b20be52d073cc99f241e09ad55d4f4
13 verbose addTmpTarball D:\tan\ArepApp\http-server not in flight; adding
14 verbose addTmpTarball validating metadata from D:\tan\ArepApp\http-server
15 verbose tar unpack D:\tan\ArepApp\http-server
16 verbose tar unpacking to C:\Users\Adam\AppData\Local\Temp\npm-8168-ef31a42f\unpack-3167f9bf
17 silly gentlyRm C:\Users\Adam\AppData\Local\Temp\npm-8168-ef31a42f\unpack-3167f9bf is being purged
18 verbose gentlyRm don't care about contents; nuking C:\Users\Adam\AppData\Local\Temp\npm-8168-ef31a42f\unpack-3167f9bf
19 silly gunzTarPerm modes [ '777', '666' ]
20 error not a package D:\tan\ArepApp\http-server
21 error addLocal Could not install D:\tan\ArepApp\http-server
22 silly fetchPackageMetaData Error: ENOENT: no such file or directory, open 'C:\Users\Adam\AppData\Local\Temp\npm-8168-ef31a42f\unpack-3167f9bf\package.json'
22 silly fetchPackageMetaData     at Error (native)
22 silly fetchPackageMetaData  error for http-server { [Error: ENOENT: no such file or directory, open 'C:\Users\Adam\AppData\Local\Temp\npm-8168-ef31a42f\unpack-3167f9bf\package.json']
22 silly fetchPackageMetaData   errno: -4058,
22 silly fetchPackageMetaData   code: 'ENOENT',
22 silly fetchPackageMetaData   syscall: 'open',
22 silly fetchPackageMetaData   path: 'C:\\Users\\Adam\\AppData\\Local\\Temp\\npm-8168-ef31a42f\\unpack-3167f9bf\\package.json' }
23 silly rollbackFailedOptional Starting
24 silly rollbackFailedOptional Finishing
25 silly runTopLevelLifecycles Starting
26 silly runTopLevelLifecycles Finishing
27 silly install printInstalled
28 verbose stack Error: ENOENT: no such file or directory, open 'C:\Users\Adam\AppData\Local\Temp\npm-8168-ef31a42f\unpack-3167f9bf\package.json'
28 verbose stack     at Error (native)
29 verbose cwd D:\tan\ArepApp
30 error Windows_NT 10.0.14393
31 error argv "D:\\tan\\ArepApp\\node.exe" "D:\\tan\\ArepApp\\node_modules\\npm\\bin\\npm-cli.js" "install" "-g" "http-server"
32 error node v5.3.0
33 error npm  v3.5.3
34 error path C:\Users\Adam\AppData\Local\Temp\npm-8168-ef31a42f\unpack-3167f9bf\package.json
35 error code ENOENT
36 error errno -4058
37 error syscall open
38 error enoent ENOENT: no such file or directory, open 'C:\Users\Adam\AppData\Local\Temp\npm-8168-ef31a42f\unpack-3167f9bf\package.json'
39 error enoent ENOENT: no such file or directory, open 'C:\Users\Adam\AppData\Local\Temp\npm-8168-ef31a42f\unpack-3167f9bf\package.json'
39 error enoent This is most likely not a problem with npm itself
39 error enoent and is related to npm not being able to find a file.
40 verbose exit [ -4058, true ]
